#
# There is insufficient memory for the Java Runtime Environment to continue.
# Native memory allocation (mmap) failed to map 130023424 bytes for G1 virtual space
# Possible reasons:
#   The system is out of physical RAM or swap space
#   The process is running with CompressedOops enabled, and the Java Heap may be blocking the growth of the native heap
# Possible solutions:
#   Reduce memory load on the system
#   Increase physical memory or swap space
#   Check if swap backing store is full
#   Decrease Java heap size (-Xmx/-Xms)
#   Decrease number of Java threads
#   Decrease Java thread stack sizes (-Xss)
#   Set larger code cache with -XX:ReservedCodeCacheSize=
#   JVM is running with Unscaled Compressed Oops mode in which the Java heap is
#     placed in the first 4GB address space. The Java Heap base address is the
#     maximum limit for the native heap growth. Please use -XX:HeapBaseMinAddress
#     to set the Java Heap base and to place the Java Heap above 4GB virtual address.
# This output file may be truncated or incomplete.
#
#  Out of Memory Error (os_windows.cpp:3527), pid=23316, tid=37356
#
# JRE version:  (19.0+36) (build )
# Java VM: Java HotSpot(TM) 64-Bit Server VM (19+36-2238, mixed mode, sharing, tiered, compressed oops, compressed class ptrs, g1 gc, windows-amd64)
# No core dump will be written. Minidumps are not enabled by default on client versions of Windows
#

---------------  S U M M A R Y ------------

Command Line: -Dfile.encoding=UTF-8 --module-path=C:\Users\Rutika Shinde\OneDrive\Documents\NetBeansProjects\QuizApplication\build\classes quizapplication.Quiz

Host: 11th Gen Intel(R) Core(TM) i5-1135G7 @ 2.40GHz, 8 cores, 7G,  Windows 11 , 64 bit Build 22621 (10.0.22621.755)
Time: Thu Nov 24 22:22:31 2022 India Standard Time elapsed time: 0.012143 seconds (0d 0h 0m 0s)

---------------  T H R E A D  ---------------

Current thread (0x000001c5ddc28130):  JavaThread "Unknown thread" [_thread_in_vm, id=37356, stack(0x000000ae75700000,0x000000ae75800000)]

Stack: [0x000000ae75700000,0x000000ae75800000]
Native frames: (J=compiled Java code, j=interpreted, Vv=VM code, C=native code)
V  [jvm.dll+0x6ee8fa]
V  [jvm.dll+0x857a1e]
V  [jvm.dll+0x85940e]
V  [jvm.dll+0x859ac3]
V  [jvm.dll+0x28291f]
V  [jvm.dll+0x6eb6e9]
V  [jvm.dll+0x6e028a]
V  [jvm.dll+0x357136]
V  [jvm.dll+0x35eb96]
V  [jvm.dll+0x3b555e]
V  [jvm.dll+0x3b578f]
V  [jvm.dll+0x32c6ea]
V  [jvm.dll+0x32d59e]
V  [jvm.dll+0x821b20]
V  [jvm.dll+0x3c27c1]
V  [jvm.dll+0x8022f1]
V  [jvm.dll+0x44b30f]
V  [jvm.dll+0x44cc91]
C  [jli.dll+0x5287]
C  [ucrtbase.dll+0x29363]
C  [KERNEL32.DLL+0x1244d]
C  [ntdll.dll+0x5dfb8]


---------------  P R O C E S S  ---------------

Threads class SMR info:
_java_thread_list=0x00007ffb4b06d048, length=0, elements={
}

Java Threads: ( => current thread )

Other Threads:
  0x000001c5ddc869c0 WorkerThread "GC Thread#0" [stack: 0x000000ae75800000,0x000000ae75900000] [id=34320]
  0x000001c5ddc97d00 ConcurrentGCThread "G1 Main Marker" [stack: 0x000000ae75900000,0x000000ae75a00000] [id=33632]
  0x000001c5ddc98540 WorkerThread "G1 Conc#0" [stack: 0x000000ae75a00000,0x000000ae75b00000] [id=33592]

[error occurred during error reporting (printing all threads), id 0xc0000005, EXCEPTION_ACCESS_VIOLATION (0xc0000005) at pc=0x00007ffb4a82d127]

VM state: not at safepoint (not fully initialized)

VM Mutex/Monitor currently owned by a thread:  ([mutex/lock_event])
[0x000001c5ddc23890] Heap_lock - owner thread: 0x000001c5ddc28130

Heap address: 0x0000000085200000, size: 1966 MB, Compressed Oops mode: 32-bit

CDS archive(s) mapped at: [0x0000000000000000-0x0000000000000000-0x0000000000000000), size 0, SharedBaseAddress: 0x0000000800000000, ArchiveRelocationMode: 0.
Narrow klass base: 0x0000000000000000, Narrow klass shift: 0, Narrow klass range: 0x0

GC Precious Log:
 CardTable entry size: 512
 Card Set container configuration: InlinePtr #cards 5 size 8 Array Of Cards #cards 12 size 40 Howl #buckets 4 coarsen threshold 1843 Howl Bitmap #cards 512 size 80 coarsen threshold 460 Card regions per heap region 1 cards per card region 2048

Heap:
 garbage-first heap   total 0K, used 0K [0x0000000085200000, 0x0000000100000000)
  region size 1024K, 0 young (0K), 0 survivors (0K)

[error occurred during error reporting (printing heap information), id 0xc0000005, EXCEPTION_ACCESS_VIOLATION (0xc0000005) at pc=0x00007ffb4ac36959]

GC Heap History (0 events):
No events

Dll operation events (1 events):
Event: 0.007 Loaded shared library C:\Program Files\Java\jdk-19\bin\java.dll

Deoptimization events (0 events):
No events

Classes loaded (0 events):
No events

Classes unloaded (0 events):
No events

Classes redefined (0 events):
No events

Internal exceptions (0 events):
No events

VM Operations (0 events):
No events

Events (0 events):
No events


Dynamic libraries:
0x00007ff6164c0000 - 0x00007ff6164d0000 	C:\Program Files\Java\jdk-19\bin\java.exe
0x00007ffbbfa70000 - 0x00007ffbbfc84000 	C:\WINDOWS\SYSTEM32\ntdll.dll
0x00007ffbbe4c0000 - 0x00007ffbbe582000 	C:\WINDOWS\System32\KERNEL32.DLL
0x00007ffbbcfe0000 - 0x00007ffbbd37d000 	C:\WINDOWS\System32\KERNELBASE.dll
0x00007ffbbd400000 - 0x00007ffbbd511000 	C:\WINDOWS\System32\ucrtbase.dll
0x00007ffba0250000 - 0x00007ffba026b000 	C:\Program Files\Java\jdk-19\bin\VCRUNTIME140.dll
0x00007ffbb1e20000 - 0x00007ffbb1e38000 	C:\Program Files\Java\jdk-19\bin\jli.dll
0x00007ffbbd9d0000 - 0x00007ffbbda7e000 	C:\WINDOWS\System32\ADVAPI32.dll
0x00007ffbbe590000 - 0x00007ffbbe637000 	C:\WINDOWS\System32\msvcrt.dll
0x00007ffbbdf70000 - 0x00007ffbbe014000 	C:\WINDOWS\System32\sechost.dll
0x00007ffbbf880000 - 0x00007ffbbf995000 	C:\WINDOWS\System32\RPCRT4.dll
0x00007ffbbe310000 - 0x00007ffbbe4ba000 	C:\WINDOWS\System32\USER32.dll
0x00007ffbbcf40000 - 0x00007ffbbcf66000 	C:\WINDOWS\System32\win32u.dll
0x00007ffbbddd0000 - 0x00007ffbbddf9000 	C:\WINDOWS\System32\GDI32.dll
0x00007ffb9e890000 - 0x00007ffb9eb1e000 	C:\WINDOWS\WinSxS\amd64_microsoft.windows.common-controls_6595b64144ccf1df_6.0.22621.608_none_a9444ca7c10bb01d\COMCTL32.dll
0x00007ffbbd690000 - 0x00007ffbbd7a2000 	C:\WINDOWS\System32\gdi32full.dll
0x00007ffbbcea0000 - 0x00007ffbbcf3a000 	C:\WINDOWS\System32\msvcp_win.dll
0x00007ffbba5c0000 - 0x00007ffbba5ca000 	C:\WINDOWS\SYSTEM32\VERSION.dll
0x00007ffbbe650000 - 0x00007ffbbe682000 	C:\WINDOWS\System32\IMM32.DLL
0x00007ffbb77d0000 - 0x00007ffbb77dc000 	C:\Program Files\Java\jdk-19\bin\vcruntime140_1.dll
0x00007ffb96d80000 - 0x00007ffb96e0e000 	C:\Program Files\Java\jdk-19\bin\msvcp140.dll
0x00007ffb4a4f0000 - 0x00007ffb4b1b0000 	C:\Program Files\Java\jdk-19\bin\server\jvm.dll
0x00007ffbb96f0000 - 0x00007ffbb96f9000 	C:\WINDOWS\SYSTEM32\WSOCK32.dll
0x00007ffbbdd50000 - 0x00007ffbbddc1000 	C:\WINDOWS\System32\WS2_32.dll
0x00007ffbacc10000 - 0x00007ffbacc44000 	C:\WINDOWS\SYSTEM32\WINMM.dll
0x00007ffbbbf70000 - 0x00007ffbbbf88000 	C:\WINDOWS\SYSTEM32\kernel.appcore.dll
0x00007ffba5f80000 - 0x00007ffba5f8a000 	C:\Program Files\Java\jdk-19\bin\jimage.dll
0x00007ffbba2f0000 - 0x00007ffbba51e000 	C:\WINDOWS\SYSTEM32\DBGHELP.DLL
0x00007ffbbe6e0000 - 0x00007ffbbea6a000 	C:\WINDOWS\System32\combase.dll
0x00007ffbbe160000 - 0x00007ffbbe237000 	C:\WINDOWS\System32\OLEAUT32.dll
0x00007ffb986a0000 - 0x00007ffb986d2000 	C:\WINDOWS\SYSTEM32\dbgcore.DLL
0x00007ffbbd380000 - 0x00007ffbbd3fb000 	C:\WINDOWS\System32\bcryptPrimitives.dll
0x00007ffba0000000 - 0x00007ffba0026000 	C:\Program Files\Java\jdk-19\bin\java.dll

dbghelp: loaded successfully - version: 4.0.5 - missing functions: none
symbol engine: initialized successfully - sym options: 0x614 - pdb path: .;C:\Program Files\Java\jdk-19\bin;C:\WINDOWS\SYSTEM32;C:\WINDOWS\WinSxS\amd64_microsoft.windows.common-controls_6595b64144ccf1df_6.0.22621.608_none_a9444ca7c10bb01d;C:\Program Files\Java\jdk-19\bin\server

VM Arguments:
jvm_args: -Dfile.encoding=UTF-8 --module-path=C:\Users\Rutika Shinde\OneDrive\Documents\NetBeansProjects\QuizApplication\build\classes 
java_command: quizapplication.Quiz
java_class_path (initial): C:\Users\Rutika Shinde\OneDrive\Documents\NetBeansProjects\QuizApplication\build\classes
Launcher Type: SUN_STANDARD

[Global flags]
     intx CICompilerCount                          = 4                                         {product} {ergonomic}
     uint ConcGCThreads                            = 2                                         {product} {ergonomic}
     uint G1ConcRefinementThreads                  = 8                                         {product} {ergonomic}
   size_t G1HeapRegionSize                         = 1048576                                   {product} {ergonomic}
    uintx GCDrainStackTargetSize                   = 64                                        {product} {ergonomic}
   size_t InitialHeapSize                          = 130023424                                 {product} {ergonomic}
   size_t MarkStackSize                            = 4194304                                   {product} {ergonomic}
   size_t MaxHeapSize                              = 2061500416                                {product} {ergonomic}
   size_t MinHeapDeltaBytes                        = 1048576                                   {product} {ergonomic}
   size_t MinHeapSize                              = 8388608                                   {product} {ergonomic}
    uintx NonNMethodCodeHeapSize                   = 5839372                                {pd product} {ergonomic}
    uintx NonProfiledCodeHeapSize                  = 122909434                              {pd product} {ergonomic}
    uintx ProfiledCodeHeapSize                     = 122909434                              {pd product} {ergonomic}
    uintx ReservedCodeCacheSize                    = 251658240                              {pd product} {ergonomic}
     bool SegmentedCodeCache                       = true                                      {product} {ergonomic}
   size_t SoftMaxHeapSize                          = 2061500416                             {manageable} {ergonomic}
     bool UseCompressedClassPointers               = true                           {product lp64_product} {ergonomic}
     bool UseCompressedOops                        = true                           {product lp64_product} {ergonomic}
     bool UseG1GC                                  = true                                      {product} {ergonomic}
     bool UseLargePagesIndividualAllocation        = false                                  {pd product} {ergonomic}

Logging:
Log output configuration:
 #0: stdout all=warning uptime,level,tags foldmultilines=false
 #1: stderr all=off uptime,level,tags foldmultilines=false

Environment Variables:
PATH=C:\Program Files\Common Files\Oracle\Java\javapath;C:\WINDOWS\system32;C:\WINDOWS;C:\WINDOWS\System32\Wbem;C:\WINDOWS\System32\WindowsPowerShell\v1.0\;C:\WINDOWS\System32\OpenSSH\;C:\Program Files (x86)\HP\Common\HPDestPlgIn\;C:\Program Files\Git\cmd;C:\Users\Rutika Shinde\AppData\Local\Programs\Python\Python311\Scripts\;C:\Users\Rutika Shinde\AppData\Local\Programs\Python\Python311\;C:\Users\Rutika Shinde\AppData\Local\Microsoft\WindowsApps;C:\Users\Rutika Shinde\AppData\Local\Programs\Microsoft VS Code\bin;C:\Program Files (x86)\HP\Common\HPDestPlgIn\;C:\Users\Rutika Shinde\AppData\Local\atom\bin
USERNAME=Rutika Shinde
OS=Windows_NT
PROCESSOR_IDENTIFIER=Intel64 Family 6 Model 140 Stepping 1, GenuineIntel
TMP=C:\Users\RUTIKA~1\AppData\Local\Temp
TEMP=C:\Users\RUTIKA~1\AppData\Local\Temp



---------------  S Y S T E M  ---------------

OS:
 Windows 11 , 64 bit Build 22621 (10.0.22621.755)
OS uptime: 6 days 1:28 hours
Hyper-V role detected

CPU: total 8 (initial active 8) (4 cores per cpu, 2 threads per core) family 6 model 140 stepping 1 microcode 0xa4, cx8, cmov, fxsr, ht, mmx, 3dnowpref, sse, sse2, sse3, ssse3, sse4.1, sse4.2, popcnt, lzcnt, tsc, tscinvbit, avx, avx2, aes, erms, clmul, bmi1, bmi2, adx, avx512f, avx512dq, avx512cd, avx512bw, avx512vl, sha, fma, vzeroupper, avx512_vpopcntdq, avx512_vpclmulqdq, avx512_vaes, avx512_vnni, clflush, clflushopt, clwb, avx512_vbmi2, avx512_vbmi, hv, rdtscp, rdpid, fsrm, gfni, avx512_bitalg

Memory: 4k page, system-wide physical 7860M (373M free)
TotalPageFile size 32428M (AvailPageFile size 69M)
current process WorkingSet (physical memory assigned to process): 11M, peak: 11M
current process commit charge ("private bytes"): 60M, peak: 184M

vm_info: Java HotSpot(TM) 64-Bit Server VM (19+36-2238) for windows-amd64 JRE (19+36-2238), built on 2022-08-12T20:29:01Z by "mach5one" with MS VC++ 17.1 (VS2022)

END.
